<?xml version="1.0" encoding="UTF-8"?>
<robot generator="Robot 4.1.2 (Python 3.10.0 on win32)" generated="20211020 12:54:15.205" rpa="false" schemaversion="2">
<suite id="s1" name="Test Variaveis" source="C:\projetoprime\meuprime\tests\test_variaveis.robot">
<test id="s1-t1" name="observação do teste: dados">
<kw name="imprimir mensagem no console">
<kw name="Log To Console" library="BuiltIn">
<arg>\n${pessoa.nome}\n</arg>
<doc>Logs the given message to the console.</doc>
<status status="PASS" starttime="20211020 12:54:15.332" endtime="20211020 12:54:15.335"/>
</kw>
<kw name="Log To Console" library="BuiltIn">
<arg>${pessoa.sobrenome}\n</arg>
<doc>Logs the given message to the console.</doc>
<status status="PASS" starttime="20211020 12:54:15.335" endtime="20211020 12:54:15.337"/>
</kw>
<kw name="Log To Console" library="BuiltIn">
<arg>${pessoa.idade}\n</arg>
<doc>Logs the given message to the console.</doc>
<status status="PASS" starttime="20211020 12:54:15.337" endtime="20211020 12:54:15.339"/>
</kw>
<kw name="Log To Console" library="BuiltIn">
<arg>${pessoa.email}\n</arg>
<doc>Logs the given message to the console.</doc>
<status status="PASS" starttime="20211020 12:54:15.339" endtime="20211020 12:54:15.340"/>
</kw>
<kw name="Log To Console" library="BuiltIn">
<arg>${pessoa.sexo}\n</arg>
<doc>Logs the given message to the console.</doc>
<status status="PASS" starttime="20211020 12:54:15.341" endtime="20211020 12:54:15.342"/>
</kw>
<kw name="Log To Console" library="BuiltIn">
<arg>${pessoa.cidade}\n</arg>
<doc>Logs the given message to the console.</doc>
<status status="PASS" starttime="20211020 12:54:15.343" endtime="20211020 12:54:15.348"/>
</kw>
<status status="PASS" starttime="20211020 12:54:15.331" endtime="20211020 12:54:15.349"/>
</kw>
<status status="PASS" starttime="20211020 12:54:15.330" endtime="20211020 12:54:15.350"/>
</test>
<doc>testando variaveis</doc>
<status status="PASS" starttime="20211020 12:54:15.209" endtime="20211020 12:54:15.352"/>
</suite>
<statistics>
<total>
<stat pass="1" fail="0" skip="0">All Tests</stat>
</total>
<tag>
</tag>
<suite>
<stat pass="1" fail="0" skip="0" id="s1" name="Test Variaveis">Test Variaveis</stat>
</suite>
</statistics>
<errors>
</errors>
</robot>
